2025-03-28 at 09:05:27 | INFO | Бот запущен
2025-03-28 at 09:05:28 | SUCCESS | Канал: анекдот отправлен
2025-03-28 at 09:05:38 | INFO | ЛС: 1765091657 начал чат
2025-03-28 at 09:05:42 | INFO | ЛС: эхо для 1765091657
2025-03-28 at 09:05:58 | SUCCESS | Канал: анекдот отправлен
2025-03-28 at 09:06:13 | INFO | Группа: игра в -4753979128
2025-03-28 at 09:06:28 | SUCCESS | Канал: анекдот отправлен
2025-03-28 at 09:06:54 | INFO | Группа: игра завершена в -4753979128
2025-03-28 at 09:06:59 | SUCCESS | Канал: анекдот отправлен
2025-03-28 at 09:07:29 | SUCCESS | Канал: анекдот отправлен
2025-03-28 at 09:07:59 | SUCCESS | Канал: анекдот отправлен
2025-03-28 at 09:08:08 | INFO | Бот остановлен
2025-04-01 at 13:09:01 | INFO | Бот запущен
2025-04-01 at 13:09:02 | SUCCESS | Канал: анекдот отправлен
2025-04-01 at 13:09:05 | INFO | ЛС: 1765091657 начал чат
2025-04-01 at 13:09:24 | INFO | Бот остановлен
2025-04-01 at 13:09:33 | INFO | Бот запущен
2025-04-01 at 13:09:33 | SUCCESS | Канал: анекдот отправлен
2025-04-01 at 13:10:03 | SUCCESS | Канал: анекдот отправлен
2025-04-01 at 13:10:34 | SUCCESS | Канал: анекдот отправлен
2025-04-01 at 13:11:04 | SUCCESS | Канал: анекдот отправлен
2025-04-01 at 13:11:35 | SUCCESS | Канал: анекдот отправлен
2025-04-01 at 13:12:05 | SUCCESS | Канал: анекдот отправлен
2025-04-01 at 13:12:35 | SUCCESS | Канал: анекдот отправлен
2025-04-01 at 13:13:06 | SUCCESS | Канал: анекдот отправлен
2025-04-01 at 13:13:36 | SUCCESS | Канал: анекдот отправлен
2025-04-01 at 13:14:07 | SUCCESS | Канал: анекдот отправлен
2025-04-01 at 13:14:37 | SUCCESS | Канал: анекдот отправлен
2025-04-01 at 13:15:07 | SUCCESS | Канал: анекдот отправлен
2025-04-01 at 13:15:13 | INFO | Бот остановлен
2025-04-01 at 13:20:06 | INFO | Бот запущен
2025-04-01 at 13:20:06 | SUCCESS | Канал: анекдот отправлен
2025-04-01 at 13:20:37 | SUCCESS | Канал: анекдот отправлен
2025-04-01 at 13:21:07 | SUCCESS | Канал: анекдот отправлен
2025-04-01 at 13:21:26 | INFO | Бот остановлен
2025-04-01 at 13:21:40 | INFO | Бот запущен
2025-04-01 at 13:21:41 | SUCCESS | Канал: анекдот отправлен
2025-04-01 at 13:22:11 | SUCCESS | Канал: анекдот отправлен
2025-04-01 at 13:22:12 | INFO | Бот остановлен
2025-04-01 at 13:22:19 | INFO | Бот запущен
2025-04-01 at 13:22:20 | SUCCESS | Канал: анекдот отправлен
2025-04-01 at 13:22:50 | SUCCESS | Канал: анекдот отправлен
2025-04-01 at 13:22:52 | INFO | Бот остановлен
2025-04-01 at 13:23:41 | INFO | Бот запущен
2025-04-01 at 13:23:42 | SUCCESS | Канал: анекдот отправлен
2025-04-01 at 13:24:12 | SUCCESS | Канал: анекдот отправлен
2025-04-01 at 13:24:43 | SUCCESS | Канал: анекдот отправлен
2025-04-01 at 13:24:45 | INFO | Бот остановлен
2025-04-01 at 13:29:54 | INFO | Бот запущен
2025-04-01 at 13:29:55 | SUCCESS | Канал: анекдот отправлен
2025-04-01 at 13:30:17 | INFO | Бот остановлен
2025-04-01 at 13:31:34 | INFO | Бот запущен
2025-04-01 at 13:31:35 | SUCCESS | Канал: анекдот отправлен
2025-04-01 at 13:32:02 | INFO | Бот остановлен
2025-04-01 at 13:34:13 | INFO | Бот запущен
2025-04-01 at 13:34:14 | SUCCESS | Канал: анекдот отправлен
2025-04-01 at 13:34:44 | SUCCESS | Канал: анекдот отправлен
2025-04-01 at 13:34:47 | INFO | Бот остановлен
2025-04-15 at 09:33:03 | INFO | Бот запущен
2025-04-15 at 09:33:04 | SUCCESS | Канал: анекдот отправлен
2025-04-15 at 09:33:11 | INFO | Бот остановлен
2025-04-15 at 09:47:31 | INFO | Бот запущен
2025-04-15 at 09:47:32 | SUCCESS | Канал: анекдот отправлен
2025-04-15 at 09:48:02 | SUCCESS | Канал: анекдот отправлен
2025-04-15 at 09:48:03 | INFO | Бот остановлен
2025-04-15 at 09:49:57 | INFO | Бот запущен
2025-04-15 at 09:49:57 | SUCCESS | Канал: анекдот отправлен
2025-04-15 at 09:50:27 | SUCCESS | Канал: анекдот отправлен
2025-04-15 at 09:50:35 | INFO | Бот остановлен
2025-04-15 at 09:57:46 | INFO | Бот запущен
2025-04-15 at 09:57:47 | SUCCESS | Канал: анекдот отправлен
2025-04-15 at 09:58:02 | INFO | Бот остановлен
2025-04-15 at 09:58:32 | INFO | Бот запущен
2025-04-15 at 09:58:32 | SUCCESS | Канал: анекдот отправлен
2025-04-15 at 09:58:44 | INFO | Бот остановлен
2025-04-15 at 09:59:25 | INFO | Бот запущен
2025-04-15 at 09:59:25 | SUCCESS | Канал: анекдот отправлен
2025-04-15 at 09:59:38 | INFO | Бот остановлен
2025-04-15 at 10:00:12 | INFO | Бот запущен
2025-04-15 at 10:00:13 | SUCCESS | Канал: анекдот отправлен
2025-04-15 at 10:00:14 | INFO | Бот остановлен
2025-04-15 at 10:02:40 | INFO | Бот запущен
2025-04-15 at 10:02:40 | SUCCESS | Канал: анекдот отправлен
2025-04-15 at 10:03:10 | SUCCESS | Канал: анекдот отправлен
2025-04-15 at 10:03:13 | INFO | Бот остановлен
2025-04-15 at 10:03:23 | INFO | Бот запущен
2025-04-15 at 10:03:23 | SUCCESS | Канал: анекдот отправлен
2025-04-15 at 10:03:34 | INFO | Бот остановлен
2025-04-15 at 10:04:16 | INFO | Бот запущен
2025-04-15 at 10:04:17 | SUCCESS | Канал: анекдот отправлен
2025-04-15 at 10:04:19 | INFO | Бот остановлен
2025-04-15 at 10:10:41 | INFO | Бот запущен
2025-04-15 at 10:10:41 | SUCCESS | Канал: анекдот отправлен
2025-04-15 at 10:10:46 | INFO | Бот остановлен
